[ 2020-08-25T17:25:21+08:00 ] 127.0.0.1 /chapter-10/
INFO: [ app_init ] --START--
INFO: Run Behavior\BuildLiteBehavior [ RunTime:0.000014s ]
INFO: [ app_init ] --END-- [ RunTime:0.000075s ]
INFO: [ app_begin ] --START--
INFO: Run Behavior\ReadHtmlCacheBehavior [ RunTime:0.000486s ]
INFO: [ app_begin ] --END-- [ RunTime:0.000521s ]
INFO: [ view_parse ] --START--
INFO: [ template_filter ] --START--
INFO: Run Behavior\ContentReplaceBehavior [ RunTime:0.000022s ]
INFO: [ template_filter ] --END-- [ RunTime:0.000053s ]
INFO: Run Behavior\ParseTemplateBehavior [ RunTime:0.011617s ]
INFO: [ view_parse ] --END-- [ RunTime:0.011686s ]
INFO: [ view_filter ] --START--
INFO: Run Behavior\WriteHtmlCacheBehavior [ RunTime:0.000607s ]
INFO: [ view_filter ] --END-- [ RunTime:0.000657s ]
INFO: [ app_end ] --START--
INFO: Run Behavior\ShowPageTraceBehavior [ RunTime:0.000729s ]
INFO: [ app_end ] --END-- [ RunTime:0.000766s ]

[ 2020-08-25T17:30:49+08:00 ] 127.0.0.1 /chapter-10/home/index/imginfo
INFO: [ app_init ] --START--
INFO: Run Behavior\BuildLiteBehavior [ RunTime:0.000008s ]
INFO: [ app_init ] --END-- [ RunTime:0.000232s ]
INFO: [ app_begin ] --START--
INFO: Run Behavior\ReadHtmlCacheBehavior [ RunTime:0.000438s ]
INFO: [ app_begin ] --END-- [ RunTime:0.000467s ]
NOTIC: [8] Use of undefined constant Image_GD - assumed 'Image_GD' C:\Users\zero\Desktop\UPUPW_AP5.5_32\htdocs\thinkphp_inaction\chapter-10\Application\Home\Controller\IndexController.class.php 第 13 行.
ERR: 不支持的图片处理库类型

[ 2020-08-25T17:31:34+08:00 ] 127.0.0.1 /chapter-10/home/index/imginfo
INFO: [ app_init ] --START--
INFO: Run Behavior\BuildLiteBehavior [ RunTime:0.000008s ]
INFO: [ app_init ] --END-- [ RunTime:0.000198s ]
INFO: [ app_begin ] --START--
INFO: Run Behavior\ReadHtmlCacheBehavior [ RunTime:0.000430s ]
INFO: [ app_begin ] --END-- [ RunTime:0.000460s ]

[ 2020-08-25T17:31:35+08:00 ] 127.0.0.1 /chapter-10/home/index/imginfo
INFO: [ app_init ] --START--
INFO: Run Behavior\BuildLiteBehavior [ RunTime:0.000011s ]
INFO: [ app_init ] --END-- [ RunTime:0.000307s ]
INFO: [ app_begin ] --START--
INFO: Run Behavior\ReadHtmlCacheBehavior [ RunTime:0.000691s ]
INFO: [ app_begin ] --END-- [ RunTime:0.000726s ]

[ 2020-08-25T17:31:36+08:00 ] 127.0.0.1 /chapter-10/home/index/imginfo
INFO: [ app_init ] --START--
INFO: Run Behavior\BuildLiteBehavior [ RunTime:0.000011s ]
INFO: [ app_init ] --END-- [ RunTime:0.000479s ]
INFO: [ app_begin ] --START--
INFO: Run Behavior\ReadHtmlCacheBehavior [ RunTime:0.000672s ]
INFO: [ app_begin ] --END-- [ RunTime:0.000716s ]

[ 2020-08-25T17:31:36+08:00 ] 127.0.0.1 /chapter-10/home/index/imginfo
INFO: [ app_init ] --START--
INFO: Run Behavior\BuildLiteBehavior [ RunTime:0.000011s ]
INFO: [ app_init ] --END-- [ RunTime:0.000393s ]
INFO: [ app_begin ] --START--
INFO: Run Behavior\ReadHtmlCacheBehavior [ RunTime:0.000608s ]
INFO: [ app_begin ] --END-- [ RunTime:0.000651s ]

[ 2020-08-25T17:31:37+08:00 ] 127.0.0.1 /chapter-10/home/index/imginfo
INFO: [ app_init ] --START--
INFO: Run Behavior\BuildLiteBehavior [ RunTime:0.000013s ]
INFO: [ app_init ] --END-- [ RunTime:0.000376s ]
INFO: [ app_begin ] --START--
INFO: Run Behavior\ReadHtmlCacheBehavior [ RunTime:0.000669s ]
INFO: [ app_begin ] --END-- [ RunTime:0.000712s ]

[ 2020-08-25T17:31:37+08:00 ] 127.0.0.1 /chapter-10/home/index/imginfo
INFO: [ app_init ] --START--
INFO: Run Behavior\BuildLiteBehavior [ RunTime:0.000012s ]
INFO: [ app_init ] --END-- [ RunTime:0.000331s ]
INFO: [ app_begin ] --START--
INFO: Run Behavior\ReadHtmlCacheBehavior [ RunTime:0.000584s ]
INFO: [ app_begin ] --END-- [ RunTime:0.000628s ]

[ 2020-08-25T17:32:18+08:00 ] 127.0.0.1 /chapter-10/home/index/imginfo
INFO: [ app_init ] --START--
INFO: Run Behavior\BuildLiteBehavior [ RunTime:0.000009s ]
INFO: [ app_init ] --END-- [ RunTime:0.000232s ]
INFO: [ app_begin ] --START--
INFO: Run Behavior\ReadHtmlCacheBehavior [ RunTime:0.000450s ]
INFO: [ app_begin ] --END-- [ RunTime:0.000485s ]

[ 2020-08-25T17:32:19+08:00 ] 127.0.0.1 /chapter-10/home/index/imginfo
INFO: [ app_init ] --START--
INFO: Run Behavior\BuildLiteBehavior [ RunTime:0.000008s ]
INFO: [ app_init ] --END-- [ RunTime:0.000244s ]
INFO: [ app_begin ] --START--
INFO: Run Behavior\ReadHtmlCacheBehavior [ RunTime:0.000436s ]
INFO: [ app_begin ] --END-- [ RunTime:0.000466s ]

[ 2020-08-25T17:32:25+08:00 ] 127.0.0.1 /chapter-10/home/index/imginfo
INFO: [ app_init ] --START--
INFO: Run Behavior\BuildLiteBehavior [ RunTime:0.000008s ]
INFO: [ app_init ] --END-- [ RunTime:0.000200s ]
INFO: [ app_begin ] --START--
INFO: Run Behavior\ReadHtmlCacheBehavior [ RunTime:0.000398s ]
INFO: [ app_begin ] --END-- [ RunTime:0.000427s ]
NOTIC: [8] Use of undefined constant Image_GD - assumed 'Image_GD' C:\Users\zero\Desktop\UPUPW_AP5.5_32\htdocs\thinkphp_inaction\chapter-10\Application\Home\Controller\IndexController.class.php 第 13 行.
ERR: 不支持的图片处理库类型

[ 2020-08-25T17:32:26+08:00 ] 127.0.0.1 /chapter-10/home/index/imginfo
INFO: [ app_init ] --START--
INFO: Run Behavior\BuildLiteBehavior [ RunTime:0.000013s ]
INFO: [ app_init ] --END-- [ RunTime:0.000389s ]
INFO: [ app_begin ] --START--
INFO: Run Behavior\ReadHtmlCacheBehavior [ RunTime:0.000533s ]
INFO: [ app_begin ] --END-- [ RunTime:0.000576s ]
NOTIC: [8] Use of undefined constant Image_GD - assumed 'Image_GD' C:\Users\zero\Desktop\UPUPW_AP5.5_32\htdocs\thinkphp_inaction\chapter-10\Application\Home\Controller\IndexController.class.php 第 13 行.
ERR: 不支持的图片处理库类型

[ 2020-08-25T17:32:26+08:00 ] 127.0.0.1 /chapter-10/home/index/imginfo
INFO: [ app_init ] --START--
INFO: Run Behavior\BuildLiteBehavior [ RunTime:0.000010s ]
INFO: [ app_init ] --END-- [ RunTime:0.000272s ]
INFO: [ app_begin ] --START--
INFO: Run Behavior\ReadHtmlCacheBehavior [ RunTime:0.000517s ]
INFO: [ app_begin ] --END-- [ RunTime:0.000558s ]
NOTIC: [8] Use of undefined constant Image_GD - assumed 'Image_GD' C:\Users\zero\Desktop\UPUPW_AP5.5_32\htdocs\thinkphp_inaction\chapter-10\Application\Home\Controller\IndexController.class.php 第 13 行.
ERR: 不支持的图片处理库类型

[ 2020-08-25T17:32:27+08:00 ] 127.0.0.1 /chapter-10/home/index/imginfo
INFO: [ app_init ] --START--
INFO: Run Behavior\BuildLiteBehavior [ RunTime:0.000007s ]
INFO: [ app_init ] --END-- [ RunTime:0.000201s ]
INFO: [ app_begin ] --START--
INFO: Run Behavior\ReadHtmlCacheBehavior [ RunTime:0.000351s ]
INFO: [ app_begin ] --END-- [ RunTime:0.000379s ]
NOTIC: [8] Use of undefined constant Image_GD - assumed 'Image_GD' C:\Users\zero\Desktop\UPUPW_AP5.5_32\htdocs\thinkphp_inaction\chapter-10\Application\Home\Controller\IndexController.class.php 第 13 行.
ERR: 不支持的图片处理库类型

[ 2020-08-25T17:32:27+08:00 ] 127.0.0.1 /chapter-10/home/index/imginfo
INFO: [ app_init ] --START--
INFO: Run Behavior\BuildLiteBehavior [ RunTime:0.000008s ]
INFO: [ app_init ] --END-- [ RunTime:0.000199s ]
INFO: [ app_begin ] --START--
INFO: Run Behavior\ReadHtmlCacheBehavior [ RunTime:0.000353s ]
INFO: [ app_begin ] --END-- [ RunTime:0.000382s ]
NOTIC: [8] Use of undefined constant Image_GD - assumed 'Image_GD' C:\Users\zero\Desktop\UPUPW_AP5.5_32\htdocs\thinkphp_inaction\chapter-10\Application\Home\Controller\IndexController.class.php 第 13 行.
ERR: 不支持的图片处理库类型

[ 2020-08-25T17:32:27+08:00 ] 127.0.0.1 /chapter-10/home/index/imginfo
INFO: [ app_init ] --START--
INFO: Run Behavior\BuildLiteBehavior [ RunTime:0.000006s ]
INFO: [ app_init ] --END-- [ RunTime:0.000196s ]
INFO: [ app_begin ] --START--
INFO: Run Behavior\ReadHtmlCacheBehavior [ RunTime:0.000349s ]
INFO: [ app_begin ] --END-- [ RunTime:0.000377s ]
NOTIC: [8] Use of undefined constant Image_GD - assumed 'Image_GD' C:\Users\zero\Desktop\UPUPW_AP5.5_32\htdocs\thinkphp_inaction\chapter-10\Application\Home\Controller\IndexController.class.php 第 13 行.
ERR: 不支持的图片处理库类型

[ 2020-08-25T17:32:27+08:00 ] 127.0.0.1 /chapter-10/home/index/imginfo
INFO: [ app_init ] --START--
INFO: Run Behavior\BuildLiteBehavior [ RunTime:0.000008s ]
INFO: [ app_init ] --END-- [ RunTime:0.000204s ]
INFO: [ app_begin ] --START--
INFO: Run Behavior\ReadHtmlCacheBehavior [ RunTime:0.000356s ]
INFO: [ app_begin ] --END-- [ RunTime:0.000384s ]
NOTIC: [8] Use of undefined constant Image_GD - assumed 'Image_GD' C:\Users\zero\Desktop\UPUPW_AP5.5_32\htdocs\thinkphp_inaction\chapter-10\Application\Home\Controller\IndexController.class.php 第 13 行.
ERR: 不支持的图片处理库类型

[ 2020-08-25T17:32:27+08:00 ] 127.0.0.1 /chapter-10/home/index/imginfo
INFO: [ app_init ] --START--
INFO: Run Behavior\BuildLiteBehavior [ RunTime:0.000007s ]
INFO: [ app_init ] --END-- [ RunTime:0.000196s ]
INFO: [ app_begin ] --START--
INFO: Run Behavior\ReadHtmlCacheBehavior [ RunTime:0.000353s ]
INFO: [ app_begin ] --END-- [ RunTime:0.000381s ]
NOTIC: [8] Use of undefined constant Image_GD - assumed 'Image_GD' C:\Users\zero\Desktop\UPUPW_AP5.5_32\htdocs\thinkphp_inaction\chapter-10\Application\Home\Controller\IndexController.class.php 第 13 行.
ERR: 不支持的图片处理库类型

[ 2020-08-25T17:32:28+08:00 ] 127.0.0.1 /chapter-10/home/index/imginfo
INFO: [ app_init ] --START--
INFO: Run Behavior\BuildLiteBehavior [ RunTime:0.000008s ]
INFO: [ app_init ] --END-- [ RunTime:0.000206s ]
INFO: [ app_begin ] --START--
INFO: Run Behavior\ReadHtmlCacheBehavior [ RunTime:0.000362s ]
INFO: [ app_begin ] --END-- [ RunTime:0.000390s ]
NOTIC: [8] Use of undefined constant Image_GD - assumed 'Image_GD' C:\Users\zero\Desktop\UPUPW_AP5.5_32\htdocs\thinkphp_inaction\chapter-10\Application\Home\Controller\IndexController.class.php 第 13 行.
ERR: 不支持的图片处理库类型

[ 2020-08-25T17:32:28+08:00 ] 127.0.0.1 /chapter-10/home/index/imginfo
INFO: [ app_init ] --START--
INFO: Run Behavior\BuildLiteBehavior [ RunTime:0.000012s ]
INFO: [ app_init ] --END-- [ RunTime:0.000314s ]
INFO: [ app_begin ] --START--
INFO: Run Behavior\ReadHtmlCacheBehavior [ RunTime:0.000531s ]
INFO: [ app_begin ] --END-- [ RunTime:0.000586s ]
NOTIC: [8] Use of undefined constant Image_GD - assumed 'Image_GD' C:\Users\zero\Desktop\UPUPW_AP5.5_32\htdocs\thinkphp_inaction\chapter-10\Application\Home\Controller\IndexController.class.php 第 13 行.
ERR: 不支持的图片处理库类型

[ 2020-08-25T17:32:28+08:00 ] 127.0.0.1 /chapter-10/home/index/imginfo
INFO: [ app_init ] --START--
INFO: Run Behavior\BuildLiteBehavior [ RunTime:0.000010s ]
INFO: [ app_init ] --END-- [ RunTime:0.000282s ]
INFO: [ app_begin ] --START--
INFO: Run Behavior\ReadHtmlCacheBehavior [ RunTime:0.000356s ]
INFO: [ app_begin ] --END-- [ RunTime:0.000385s ]
NOTIC: [8] Use of undefined constant Image_GD - assumed 'Image_GD' C:\Users\zero\Desktop\UPUPW_AP5.5_32\htdocs\thinkphp_inaction\chapter-10\Application\Home\Controller\IndexController.class.php 第 13 行.
ERR: 不支持的图片处理库类型

[ 2020-08-25T17:32:28+08:00 ] 127.0.0.1 /chapter-10/home/index/imginfo
INFO: [ app_init ] --START--
INFO: Run Behavior\BuildLiteBehavior [ RunTime:0.000017s ]
INFO: [ app_init ] --END-- [ RunTime:0.000399s ]
INFO: [ app_begin ] --START--
INFO: Run Behavior\ReadHtmlCacheBehavior [ RunTime:0.000546s ]
INFO: [ app_begin ] --END-- [ RunTime:0.000592s ]
NOTIC: [8] Use of undefined constant Image_GD - assumed 'Image_GD' C:\Users\zero\Desktop\UPUPW_AP5.5_32\htdocs\thinkphp_inaction\chapter-10\Application\Home\Controller\IndexController.class.php 第 13 行.
ERR: 不支持的图片处理库类型

[ 2020-08-25T17:32:28+08:00 ] 127.0.0.1 /chapter-10/home/index/imginfo
INFO: [ app_init ] --START--
INFO: Run Behavior\BuildLiteBehavior [ RunTime:0.000034s ]
INFO: [ app_init ] --END-- [ RunTime:0.000263s ]
INFO: [ app_begin ] --START--
INFO: Run Behavior\ReadHtmlCacheBehavior [ RunTime:0.000356s ]
INFO: [ app_begin ] --END-- [ RunTime:0.000384s ]
NOTIC: [8] Use of undefined constant Image_GD - assumed 'Image_GD' C:\Users\zero\Desktop\UPUPW_AP5.5_32\htdocs\thinkphp_inaction\chapter-10\Application\Home\Controller\IndexController.class.php 第 13 行.
ERR: 不支持的图片处理库类型

[ 2020-08-25T17:32:29+08:00 ] 127.0.0.1 /chapter-10/home/index/imginfo
INFO: [ app_init ] --START--
INFO: Run Behavior\BuildLiteBehavior [ RunTime:0.000007s ]
INFO: [ app_init ] --END-- [ RunTime:0.000223s ]
INFO: [ app_begin ] --START--
INFO: Run Behavior\ReadHtmlCacheBehavior [ RunTime:0.000370s ]
INFO: [ app_begin ] --END-- [ RunTime:0.000409s ]
NOTIC: [8] Use of undefined constant Image_GD - assumed 'Image_GD' C:\Users\zero\Desktop\UPUPW_AP5.5_32\htdocs\thinkphp_inaction\chapter-10\Application\Home\Controller\IndexController.class.php 第 13 行.
ERR: 不支持的图片处理库类型

[ 2020-08-25T17:32:30+08:00 ] 127.0.0.1 /chapter-10/home/index/imginfo
INFO: [ app_init ] --START--
INFO: Run Behavior\BuildLiteBehavior [ RunTime:0.000011s ]
INFO: [ app_init ] --END-- [ RunTime:0.000277s ]
INFO: [ app_begin ] --START--
INFO: Run Behavior\ReadHtmlCacheBehavior [ RunTime:0.000535s ]
INFO: [ app_begin ] --END-- [ RunTime:0.000576s ]
NOTIC: [8] Use of undefined constant Image_GD - assumed 'Image_GD' C:\Users\zero\Desktop\UPUPW_AP5.5_32\htdocs\thinkphp_inaction\chapter-10\Application\Home\Controller\IndexController.class.php 第 13 行.
ERR: 不支持的图片处理库类型

[ 2020-08-25T17:32:30+08:00 ] 127.0.0.1 /chapter-10/home/index/imginfo
INFO: [ app_init ] --START--
INFO: Run Behavior\BuildLiteBehavior [ RunTime:0.000012s ]
INFO: [ app_init ] --END-- [ RunTime:0.000305s ]
INFO: [ app_begin ] --START--
INFO: Run Behavior\ReadHtmlCacheBehavior [ RunTime:0.000537s ]
INFO: [ app_begin ] --END-- [ RunTime:0.000579s ]
NOTIC: [8] Use of undefined constant Image_GD - assumed 'Image_GD' C:\Users\zero\Desktop\UPUPW_AP5.5_32\htdocs\thinkphp_inaction\chapter-10\Application\Home\Controller\IndexController.class.php 第 13 行.
ERR: 不支持的图片处理库类型

[ 2020-08-25T17:32:31+08:00 ] 127.0.0.1 /chapter-10/home/index/imginfo
INFO: [ app_init ] --START--
INFO: Run Behavior\BuildLiteBehavior [ RunTime:0.000008s ]
INFO: [ app_init ] --END-- [ RunTime:0.000196s ]
INFO: [ app_begin ] --START--
INFO: Run Behavior\ReadHtmlCacheBehavior [ RunTime:0.000366s ]
INFO: [ app_begin ] --END-- [ RunTime:0.000394s ]
NOTIC: [8] Use of undefined constant Image_GD - assumed 'Image_GD' C:\Users\zero\Desktop\UPUPW_AP5.5_32\htdocs\thinkphp_inaction\chapter-10\Application\Home\Controller\IndexController.class.php 第 13 行.
ERR: 不支持的图片处理库类型

[ 2020-08-25T17:32:31+08:00 ] 127.0.0.1 /chapter-10/home/index/imginfo
INFO: [ app_init ] --START--
INFO: Run Behavior\BuildLiteBehavior [ RunTime:0.000009s ]
INFO: [ app_init ] --END-- [ RunTime:0.000211s ]
INFO: [ app_begin ] --START--
INFO: Run Behavior\ReadHtmlCacheBehavior [ RunTime:0.000456s ]
INFO: [ app_begin ] --END-- [ RunTime:0.000491s ]
NOTIC: [8] Use of undefined constant Image_GD - assumed 'Image_GD' C:\Users\zero\Desktop\UPUPW_AP5.5_32\htdocs\thinkphp_inaction\chapter-10\Application\Home\Controller\IndexController.class.php 第 13 行.
ERR: 不支持的图片处理库类型

[ 2020-08-25T17:33:54+08:00 ] 127.0.0.1 /chapter-10/home/index/imginfo
INFO: [ app_init ] --START--
INFO: Run Behavior\BuildLiteBehavior [ RunTime:0.000008s ]
INFO: [ app_init ] --END-- [ RunTime:0.000274s ]
INFO: [ app_begin ] --START--
INFO: Run Behavior\ReadHtmlCacheBehavior [ RunTime:0.000407s ]
INFO: [ app_begin ] --END-- [ RunTime:0.000436s ]
INFO: [ app_end ] --START--
INFO: Run Behavior\ShowPageTraceBehavior [ RunTime:0.000551s ]
INFO: [ app_end ] --END-- [ RunTime:0.000595s ]

[ 2020-08-25T17:36:08+08:00 ] 127.0.0.1 /chapter-10/home/index/crop
INFO: [ app_init ] --START--
INFO: Run Behavior\BuildLiteBehavior [ RunTime:0.000008s ]
INFO: [ app_init ] --END-- [ RunTime:0.000228s ]
INFO: [ app_begin ] --START--
INFO: Run Behavior\ReadHtmlCacheBehavior [ RunTime:0.000418s ]
INFO: [ app_begin ] --END-- [ RunTime:0.000448s ]
INFO: [ app_end ] --START--
INFO: Run Behavior\ShowPageTraceBehavior [ RunTime:0.000494s ]
INFO: [ app_end ] --END-- [ RunTime:0.000539s ]

[ 2020-08-25T17:36:10+08:00 ] 127.0.0.1 /chapter-10/home/index/imginfo
INFO: [ app_init ] --START--
INFO: Run Behavior\BuildLiteBehavior [ RunTime:0.000010s ]
INFO: [ app_init ] --END-- [ RunTime:0.000271s ]
INFO: [ app_begin ] --START--
INFO: Run Behavior\ReadHtmlCacheBehavior [ RunTime:0.000455s ]
INFO: [ app_begin ] --END-- [ RunTime:0.000492s ]
INFO: [ app_end ] --START--
INFO: Run Behavior\ShowPageTraceBehavior [ RunTime:0.000523s ]
INFO: [ app_end ] --END-- [ RunTime:0.000563s ]

[ 2020-08-25T17:39:55+08:00 ] 127.0.0.1 /chapter-10/home/index/water
INFO: [ app_init ] --START--
INFO: Run Behavior\BuildLiteBehavior [ RunTime:0.000007s ]
INFO: [ app_init ] --END-- [ RunTime:0.000228s ]
INFO: [ app_begin ] --START--
INFO: Run Behavior\ReadHtmlCacheBehavior [ RunTime:0.000408s ]
INFO: [ app_begin ] --END-- [ RunTime:0.000438s ]
ERR: 水印图像不存在

[ 2020-08-25T17:40:38+08:00 ] 127.0.0.1 /chapter-10/home/index/water
INFO: [ app_init ] --START--
INFO: Run Behavior\BuildLiteBehavior [ RunTime:0.000010s ]
INFO: [ app_init ] --END-- [ RunTime:0.000290s ]
INFO: [ app_begin ] --START--
INFO: Run Behavior\ReadHtmlCacheBehavior [ RunTime:0.000652s ]
INFO: [ app_begin ] --END-- [ RunTime:0.000693s ]
INFO: [ app_end ] --START--
INFO: Run Behavior\ShowPageTraceBehavior [ RunTime:0.000547s ]
INFO: [ app_end ] --END-- [ RunTime:0.000594s ]

