[ 2020-09-01T08:39:18+08:00 ] 127.0.0.1 /chapter-5/home/index/read
INFO: [ app_init ] --START--
INFO: Run Behavior\BuildLiteBehavior [ RunTime:0.000010s ]
INFO: [ app_init ] --END-- [ RunTime:0.001678s ]
INFO: [ app_begin ] --START--
INFO: Run Behavior\ReadHtmlCacheBehavior [ RunTime:0.000941s ]
INFO: [ app_begin ] --END-- [ RunTime:0.000973s ]
SQL: SHOW COLUMNS FROM `c5_user` [ RunTime:0.0385s ]
SQL: SELECT * FROM c5_user ORDER BY id desc  [ RunTime:0.0005s ]
INFO: [ app_end ] --START--
INFO: Run Behavior\ShowPageTraceBehavior [ RunTime:0.001369s ]
INFO: [ app_end ] --END-- [ RunTime:0.001398s ]

[ 2020-09-01T08:39:22+08:00 ] 127.0.0.1 /chapter-5/home/index/index
INFO: [ app_init ] --START--
INFO: Run Behavior\BuildLiteBehavior [ RunTime:0.000007s ]
INFO: [ app_init ] --END-- [ RunTime:0.000193s ]
INFO: [ app_begin ] --START--
INFO: Run Behavior\ReadHtmlCacheBehavior [ RunTime:0.000283s ]
INFO: [ app_begin ] --END-- [ RunTime:0.000311s ]
SQL: SHOW COLUMNS FROM `c5_user` [ RunTime:0.0171s ]
NOTIC: [8] Undefined index: validate C:\Users\zero\Desktop\UPUPW_AP5.5_32\htdocs\thinkphp_inaction\ThinkPHP\Library\Think\Model.class.php 第 1185 行.
SQL: SELECT * FROM `c5_user` WHERE `username` = 'admin' LIMIT 1   [ RunTime:0.0019s ]

[ 2020-09-01T08:39:26+08:00 ] 127.0.0.1 /chapter-5/home/index/read
INFO: [ app_init ] --START--
INFO: Run Behavior\BuildLiteBehavior [ RunTime:0.000012s ]
INFO: [ app_init ] --END-- [ RunTime:0.000297s ]
INFO: [ app_begin ] --START--
INFO: Run Behavior\ReadHtmlCacheBehavior [ RunTime:0.000440s ]
INFO: [ app_begin ] --END-- [ RunTime:0.000479s ]
SQL: SHOW COLUMNS FROM `c5_user` [ RunTime:0.0260s ]
SQL: SELECT * FROM c5_user ORDER BY id desc  [ RunTime:0.0003s ]
INFO: [ app_end ] --START--
INFO: Run Behavior\ShowPageTraceBehavior [ RunTime:0.000350s ]
INFO: [ app_end ] --END-- [ RunTime:0.000376s ]

