[ 2020-08-23T12:19:10+08:00 ] 127.0.0.1 /chapter-8/
INFO: [ app_init ] --START--
INFO: Run Behavior\BuildLiteBehavior [ RunTime:0.000008s ]
INFO: [ app_init ] --END-- [ RunTime:0.000044s ]
INFO: [ app_begin ] --START--
INFO: Run Behavior\ReadHtmlCacheBehavior [ RunTime:0.000720s ]
INFO: [ app_begin ] --END-- [ RunTime:0.000770s ]
INFO: [ view_parse ] --START--
INFO: [ template_filter ] --START--
INFO: Run Behavior\ContentReplaceBehavior [ RunTime:0.000023s ]
INFO: [ template_filter ] --END-- [ RunTime:0.000054s ]
INFO: Run Behavior\ParseTemplateBehavior [ RunTime:0.003680s ]
INFO: [ view_parse ] --END-- [ RunTime:0.003714s ]
INFO: [ view_filter ] --START--
INFO: Run Behavior\WriteHtmlCacheBehavior [ RunTime:0.000311s ]
INFO: [ view_filter ] --END-- [ RunTime:0.000334s ]
INFO: [ app_end ] --START--
INFO: Run Behavior\ShowPageTraceBehavior [ RunTime:0.000427s ]
INFO: [ app_end ] --END-- [ RunTime:0.000451s ]

[ 2020-08-23T12:21:04+08:00 ] 127.0.0.1 /chapter-8/
INFO: [ app_init ] --START--
INFO: Run Behavior\BuildLiteBehavior [ RunTime:0.000015s ]
INFO: [ app_init ] --END-- [ RunTime:0.000371s ]
INFO: [ app_begin ] --START--
INFO: Run Behavior\ReadHtmlCacheBehavior [ RunTime:0.000496s ]
INFO: [ app_begin ] --END-- [ RunTime:0.000539s ]
NOTIC: [8] Undefined index: a C:\Users\zero\Desktop\UPUPW_AP5.5_32\htdocs\thinkphp_inaction\chapter-8\Application\Home\Controller\IndexController.class.php 第 6 行.
ERR: 参数错误

[ 2020-08-23T12:21:05+08:00 ] 127.0.0.1 /chapter-8/
INFO: [ app_init ] --START--
INFO: Run Behavior\BuildLiteBehavior [ RunTime:0.000007s ]
INFO: [ app_init ] --END-- [ RunTime:0.000187s ]
INFO: [ app_begin ] --START--
INFO: Run Behavior\ReadHtmlCacheBehavior [ RunTime:0.000276s ]
INFO: [ app_begin ] --END-- [ RunTime:0.000306s ]
NOTIC: [8] Undefined index: a C:\Users\zero\Desktop\UPUPW_AP5.5_32\htdocs\thinkphp_inaction\chapter-8\Application\Home\Controller\IndexController.class.php 第 6 行.
ERR: 参数错误

[ 2020-08-23T12:21:06+08:00 ] 127.0.0.1 /chapter-8/
INFO: [ app_init ] --START--
INFO: Run Behavior\BuildLiteBehavior [ RunTime:0.000008s ]
INFO: [ app_init ] --END-- [ RunTime:0.000193s ]
INFO: [ app_begin ] --START--
INFO: Run Behavior\ReadHtmlCacheBehavior [ RunTime:0.000262s ]
INFO: [ app_begin ] --END-- [ RunTime:0.000290s ]
NOTIC: [8] Undefined index: a C:\Users\zero\Desktop\UPUPW_AP5.5_32\htdocs\thinkphp_inaction\chapter-8\Application\Home\Controller\IndexController.class.php 第 6 行.
ERR: 参数错误

[ 2020-08-23T12:21:06+08:00 ] 127.0.0.1 /chapter-8/
INFO: [ app_init ] --START--
INFO: Run Behavior\BuildLiteBehavior [ RunTime:0.000007s ]
INFO: [ app_init ] --END-- [ RunTime:0.000184s ]
INFO: [ app_begin ] --START--
INFO: Run Behavior\ReadHtmlCacheBehavior [ RunTime:0.000258s ]
INFO: [ app_begin ] --END-- [ RunTime:0.000285s ]
NOTIC: [8] Undefined index: a C:\Users\zero\Desktop\UPUPW_AP5.5_32\htdocs\thinkphp_inaction\chapter-8\Application\Home\Controller\IndexController.class.php 第 6 行.
ERR: 参数错误

[ 2020-08-23T12:21:06+08:00 ] 127.0.0.1 /chapter-8/
INFO: [ app_init ] --START--
INFO: Run Behavior\BuildLiteBehavior [ RunTime:0.000008s ]
INFO: [ app_init ] --END-- [ RunTime:0.000190s ]
INFO: [ app_begin ] --START--
INFO: Run Behavior\ReadHtmlCacheBehavior [ RunTime:0.000258s ]
INFO: [ app_begin ] --END-- [ RunTime:0.000286s ]
NOTIC: [8] Undefined index: a C:\Users\zero\Desktop\UPUPW_AP5.5_32\htdocs\thinkphp_inaction\chapter-8\Application\Home\Controller\IndexController.class.php 第 6 行.
ERR: 参数错误

[ 2020-08-23T12:21:14+08:00 ] 127.0.0.1 /chapter-8/
INFO: [ app_init ] --START--
INFO: Run Behavior\BuildLiteBehavior [ RunTime:0.000008s ]
INFO: [ app_init ] --END-- [ RunTime:0.000219s ]
INFO: [ app_begin ] --START--
INFO: Run Behavior\ReadHtmlCacheBehavior [ RunTime:0.000394s ]
INFO: [ app_begin ] --END-- [ RunTime:0.000433s ]
NOTIC: [8] Undefined index: a C:\Users\zero\Desktop\UPUPW_AP5.5_32\htdocs\thinkphp_inaction\chapter-8\Application\Home\Controller\IndexController.class.php 第 6 行.
ERR: 参数错误!!!

[ 2020-08-23T12:21:15+08:00 ] 127.0.0.1 /chapter-8/
INFO: [ app_init ] --START--
INFO: Run Behavior\BuildLiteBehavior [ RunTime:0.000006s ]
INFO: [ app_init ] --END-- [ RunTime:0.000207s ]
INFO: [ app_begin ] --START--
INFO: Run Behavior\ReadHtmlCacheBehavior [ RunTime:0.000369s ]
INFO: [ app_begin ] --END-- [ RunTime:0.000398s ]
NOTIC: [8] Undefined index: a C:\Users\zero\Desktop\UPUPW_AP5.5_32\htdocs\thinkphp_inaction\chapter-8\Application\Home\Controller\IndexController.class.php 第 6 行.
ERR: 参数错误!!!

[ 2020-08-23T12:21:15+08:00 ] 127.0.0.1 /chapter-8/
INFO: [ app_init ] --START--
INFO: Run Behavior\BuildLiteBehavior [ RunTime:0.000007s ]
INFO: [ app_init ] --END-- [ RunTime:0.000215s ]
INFO: [ app_begin ] --START--
INFO: Run Behavior\ReadHtmlCacheBehavior [ RunTime:0.000407s ]
INFO: [ app_begin ] --END-- [ RunTime:0.000438s ]
NOTIC: [8] Undefined index: a C:\Users\zero\Desktop\UPUPW_AP5.5_32\htdocs\thinkphp_inaction\chapter-8\Application\Home\Controller\IndexController.class.php 第 6 行.
ERR: 参数错误!!!

[ 2020-08-23T12:21:24+08:00 ] 127.0.0.1 /chapter-8/
INFO: [ app_init ] --START--
INFO: Run Behavior\BuildLiteBehavior [ RunTime:0.000007s ]
INFO: [ app_init ] --END-- [ RunTime:0.000187s ]
INFO: [ app_begin ] --START--
INFO: Run Behavior\ReadHtmlCacheBehavior [ RunTime:0.000258s ]
INFO: [ app_begin ] --END-- [ RunTime:0.000286s ]
NOTIC: [8] Undefined index: a C:\Users\zero\Desktop\UPUPW_AP5.5_32\htdocs\thinkphp_inaction\chapter-8\Application\Home\Controller\IndexController.class.php 第 6 行.
ERR: 参数a错误!!!

[ 2020-08-23T12:21:25+08:00 ] 127.0.0.1 /chapter-8/
INFO: [ app_init ] --START--
INFO: Run Behavior\BuildLiteBehavior [ RunTime:0.000008s ]
INFO: [ app_init ] --END-- [ RunTime:0.000205s ]
INFO: [ app_begin ] --START--
INFO: Run Behavior\ReadHtmlCacheBehavior [ RunTime:0.000286s ]
INFO: [ app_begin ] --END-- [ RunTime:0.000318s ]
NOTIC: [8] Undefined index: a C:\Users\zero\Desktop\UPUPW_AP5.5_32\htdocs\thinkphp_inaction\chapter-8\Application\Home\Controller\IndexController.class.php 第 6 行.
ERR: 参数a错误!!!

[ 2020-08-23T12:21:25+08:00 ] 127.0.0.1 /chapter-8/
INFO: [ app_init ] --START--
INFO: Run Behavior\BuildLiteBehavior [ RunTime:0.000006s ]
INFO: [ app_init ] --END-- [ RunTime:0.000184s ]
INFO: [ app_begin ] --START--
INFO: Run Behavior\ReadHtmlCacheBehavior [ RunTime:0.000254s ]
INFO: [ app_begin ] --END-- [ RunTime:0.000282s ]
NOTIC: [8] Undefined index: a C:\Users\zero\Desktop\UPUPW_AP5.5_32\htdocs\thinkphp_inaction\chapter-8\Application\Home\Controller\IndexController.class.php 第 6 行.
ERR: 参数a错误!!!

[ 2020-08-23T12:24:29+08:00 ] 127.0.0.1 /chapter-8/home/index/log
INFO: [ app_init ] --START--
INFO: Run Behavior\BuildLiteBehavior [ RunTime:0.000006s ]
INFO: [ app_init ] --END-- [ RunTime:0.000208s ]

[ 2020-08-23T12:25:01+08:00 ] 127.0.0.1 /chapter-8/home/index/log
INFO: [ app_init ] --START--
INFO: Run Behavior\BuildLiteBehavior [ RunTime:0.000010s ]
INFO: [ app_init ] --END-- [ RunTime:0.000267s ]

[ 2020-08-23T12:25:02+08:00 ] 127.0.0.1 /chapter-8/home/index/log
INFO: [ app_init ] --START--
INFO: Run Behavior\BuildLiteBehavior [ RunTime:0.000007s ]
INFO: [ app_init ] --END-- [ RunTime:0.000213s ]

[ 2020-08-23T12:25:02+08:00 ] 127.0.0.1 /chapter-8/home/index/log
INFO: [ app_init ] --START--
INFO: Run Behavior\BuildLiteBehavior [ RunTime:0.000007s ]
INFO: [ app_init ] --END-- [ RunTime:0.000184s ]

[ 2020-08-23T12:26:04+08:00 ] 127.0.0.1 /chapter-8/home/index/log
INFO: [ app_init ] --START--
INFO: Run Behavior\BuildLiteBehavior [ RunTime:0.000007s ]
INFO: [ app_init ] --END-- [ RunTime:0.000217s ]

[ 2020-08-23T12:26:08+08:00 ] 127.0.0.1 /chapter-8/home/index/Log
INFO: [ app_init ] --START--
INFO: Run Behavior\BuildLiteBehavior [ RunTime:0.000007s ]
INFO: [ app_init ] --END-- [ RunTime:0.000197s ]

[ 2020-08-23T12:29:09+08:00 ] 127.0.0.1 /chapter-8/home/index/Log
INFO: INFO - write
[ 2020-08-23T12:29:09+08:00 ] 127.0.0.1 /chapter-8/home/index/Log
INFO: [ app_init ] --START--
INFO: Run Behavior\BuildLiteBehavior [ RunTime:0.000015s ]
INFO: [ app_init ] --END-- [ RunTime:0.000354s ]
ERR: ERR - record

[ 2020-08-23T12:29:11+08:00 ] 127.0.0.1 /chapter-8/home/index/Log
INFO: INFO - write
[ 2020-08-23T12:29:11+08:00 ] 127.0.0.1 /chapter-8/home/index/Log
INFO: [ app_init ] --START--
INFO: Run Behavior\BuildLiteBehavior [ RunTime:0.000008s ]
INFO: [ app_init ] --END-- [ RunTime:0.000237s ]
ERR: ERR - record

[ 2020-08-23T12:30:48+08:00 ] 127.0.0.1 /chapter-8/home/index/dump/3
INFO: [ app_init ] --START--
INFO: Run Behavior\BuildLiteBehavior [ RunTime:0.000009s ]
INFO: [ app_init ] --END-- [ RunTime:0.000228s ]

[ 2020-08-23T12:33:57+08:00 ] 127.0.0.1 /chapter-8/home/index/profile
INFO: [ app_init ] --START--
INFO: Run Behavior\BuildLiteBehavior [ RunTime:0.000008s ]
INFO: [ app_init ] --END-- [ RunTime:0.000211s ]

[ 2020-08-23T12:48:54+08:00 ] 127.0.0.1 /chapter-8/home/index/db
INFO: [ app_init ] --START--
INFO: Run Behavior\BuildLiteBehavior [ RunTime:0.000007s ]
INFO: [ app_init ] --END-- [ RunTime:0.000213s ]

[ 2020-08-23T12:49:33+08:00 ] 127.0.0.1 /chapter-8/home/index/db
INFO: [ app_init ] --START--
INFO: Run Behavior\BuildLiteBehavior [ RunTime:0.000011s ]
INFO: [ app_init ] --END-- [ RunTime:0.000313s ]

[ 2020-08-23T12:49:34+08:00 ] 127.0.0.1 /chapter-8/home/index/db
INFO: [ app_init ] --START--
INFO: Run Behavior\BuildLiteBehavior [ RunTime:0.000007s ]
INFO: [ app_init ] --END-- [ RunTime:0.000184s ]

[ 2020-08-23T12:49:34+08:00 ] 127.0.0.1 /chapter-8/home/index/db
INFO: [ app_init ] --START--
INFO: Run Behavior\BuildLiteBehavior [ RunTime:0.000011s ]
INFO: [ app_init ] --END-- [ RunTime:0.000313s ]

[ 2020-08-23T12:49:34+08:00 ] 127.0.0.1 /chapter-8/home/index/db
INFO: [ app_init ] --START--
INFO: Run Behavior\BuildLiteBehavior [ RunTime:0.000007s ]
INFO: [ app_init ] --END-- [ RunTime:0.000182s ]

[ 2020-08-23T12:49:35+08:00 ] 127.0.0.1 /chapter-8/home/index/db
INFO: [ app_init ] --START--
INFO: Run Behavior\BuildLiteBehavior [ RunTime:0.000007s ]
INFO: [ app_init ] --END-- [ RunTime:0.000208s ]

[ 2020-08-23T12:49:35+08:00 ] 127.0.0.1 /chapter-8/home/index/db
INFO: [ app_init ] --START--
INFO: Run Behavior\BuildLiteBehavior [ RunTime:0.000012s ]
INFO: [ app_init ] --END-- [ RunTime:0.000318s ]

[ 2020-08-23T12:49:35+08:00 ] 127.0.0.1 /chapter-8/home/index/db
INFO: [ app_init ] --START--
INFO: Run Behavior\BuildLiteBehavior [ RunTime:0.000008s ]
INFO: [ app_init ] --END-- [ RunTime:0.000211s ]

[ 2020-08-23T12:49:56+08:00 ] 127.0.0.1 /chapter-8/home/index/db
INFO: [ app_init ] --START--
INFO: Run Behavior\BuildLiteBehavior [ RunTime:0.000007s ]
INFO: [ app_init ] --END-- [ RunTime:0.000182s ]
ERR: SQLSTATE[HY000] [1045] Access denied for user 'root'@'localhost' (using password: YES)

[ 2020-08-23T12:50:32+08:00 ] 127.0.0.1 /chapter-8/home/index/db
INFO: [ app_init ] --START--
INFO: Run Behavior\BuildLiteBehavior [ RunTime:0.000009s ]
INFO: [ app_init ] --END-- [ RunTime:0.000237s ]
ERR: SQLSTATE[HY000] [1049] Unknown database 'thinkphp'

[ 2020-08-23T12:50:33+08:00 ] 127.0.0.1 /chapter-8/home/index/db
INFO: [ app_init ] --START--
INFO: Run Behavior\BuildLiteBehavior [ RunTime:0.000009s ]
INFO: [ app_init ] --END-- [ RunTime:0.000264s ]
ERR: SQLSTATE[HY000] [1049] Unknown database 'thinkphp'

[ 2020-08-23T12:50:33+08:00 ] 127.0.0.1 /chapter-8/home/index/db
INFO: [ app_init ] --START--
INFO: Run Behavior\BuildLiteBehavior [ RunTime:0.000007s ]
INFO: [ app_init ] --END-- [ RunTime:0.000211s ]
ERR: SQLSTATE[HY000] [1049] Unknown database 'thinkphp'

[ 2020-08-23T12:50:34+08:00 ] 127.0.0.1 /chapter-8/home/index/db
INFO: [ app_init ] --START--
INFO: Run Behavior\BuildLiteBehavior [ RunTime:0.000007s ]
INFO: [ app_init ] --END-- [ RunTime:0.000213s ]
ERR: SQLSTATE[HY000] [1049] Unknown database 'thinkphp'

[ 2020-08-23T12:50:57+08:00 ] 127.0.0.1 /chapter-8/home/index/db
INFO: [ app_init ] --START--
INFO: Run Behavior\BuildLiteBehavior [ RunTime:0.000007s ]
INFO: [ app_init ] --END-- [ RunTime:0.000202s ]

[ 2020-08-23T12:55:14+08:00 ] 127.0.0.1 /chapter-8/home/index/writetocache
INFO: [ app_init ] --START--
INFO: Run Behavior\BuildLiteBehavior [ RunTime:0.000008s ]
INFO: [ app_init ] --END-- [ RunTime:0.000234s ]

[ 2020-08-23T13:02:05+08:00 ] 127.0.0.1 /chapter-8/home/index/testcookie
INFO: [ app_init ] --START--
INFO: Run Behavior\BuildLiteBehavior [ RunTime:0.000007s ]
INFO: [ app_init ] --END-- [ RunTime:0.000210s ]

[ 2020-08-23T13:02:21+08:00 ] 127.0.0.1 /chapter-8/home/index/testcookie
INFO: [ app_init ] --START--
INFO: Run Behavior\BuildLiteBehavior [ RunTime:0.000010s ]
INFO: [ app_init ] --END-- [ RunTime:0.000307s ]

[ 2020-08-23T13:02:47+08:00 ] 127.0.0.1 /chapter-8/home/index/testcookie
INFO: [ app_init ] --START--
INFO: Run Behavior\BuildLiteBehavior [ RunTime:0.000006s ]
INFO: [ app_init ] --END-- [ RunTime:0.000181s ]

[ 2020-08-23T13:02:47+08:00 ] 127.0.0.1 /chapter-8/home/index/testcookie
INFO: [ app_init ] --START--
INFO: Run Behavior\BuildLiteBehavior [ RunTime:0.000010s ]
INFO: [ app_init ] --END-- [ RunTime:0.000239s ]

[ 2020-08-23T13:02:47+08:00 ] 127.0.0.1 /chapter-8/home/index/testcookie
INFO: [ app_init ] --START--
INFO: Run Behavior\BuildLiteBehavior [ RunTime:0.000010s ]
INFO: [ app_init ] --END-- [ RunTime:0.000269s ]

[ 2020-08-23T13:02:48+08:00 ] 127.0.0.1 /chapter-8/home/index/testcookie
INFO: [ app_init ] --START--
INFO: Run Behavior\BuildLiteBehavior [ RunTime:0.000010s ]
INFO: [ app_init ] --END-- [ RunTime:0.000266s ]

[ 2020-08-23T13:03:03+08:00 ] 127.0.0.1 /chapter-8/home/index/testcookie
INFO: [ app_init ] --START--
INFO: Run Behavior\BuildLiteBehavior [ RunTime:0.000007s ]
INFO: [ app_init ] --END-- [ RunTime:0.000211s ]

[ 2020-08-23T13:03:04+08:00 ] 127.0.0.1 /chapter-8/home/index/testcookie
INFO: [ app_init ] --START--
INFO: Run Behavior\BuildLiteBehavior [ RunTime:0.000007s ]
INFO: [ app_init ] --END-- [ RunTime:0.000214s ]

[ 2020-08-23T13:04:51+08:00 ] 127.0.0.1 /chapter-8/home/index/db
INFO: [ app_init ] --START--
INFO: Run Behavior\BuildLiteBehavior [ RunTime:0.000010s ]
INFO: [ app_init ] --END-- [ RunTime:0.000320s ]

[ 2020-08-23T13:08:50+08:00 ] 127.0.0.1 /chapter-8/home/index/db
INFO: [ app_init ] --START--
INFO: Run Behavior\BuildLiteBehavior [ RunTime:0.000008s ]
INFO: [ app_init ] --END-- [ RunTime:0.000243s ]
ERR: 模板不存在:./Application/Home/View/Index/db.html

[ 2020-08-23T13:08:51+08:00 ] 127.0.0.1 /chapter-8/home/index/db
INFO: [ app_init ] --START--
INFO: Run Behavior\BuildLiteBehavior [ RunTime:0.000009s ]
INFO: [ app_init ] --END-- [ RunTime:0.000274s ]
ERR: 模板不存在:./Application/Home/View/Index/db.html

[ 2020-08-23T13:08:52+08:00 ] 127.0.0.1 /chapter-8/home/index/db
INFO: [ app_init ] --START--
INFO: Run Behavior\BuildLiteBehavior [ RunTime:0.000011s ]
INFO: [ app_init ] --END-- [ RunTime:0.000364s ]
ERR: 模板不存在:./Application/Home/View/Index/db.html

[ 2020-08-23T13:08:52+08:00 ] 127.0.0.1 /chapter-8/home/index/db
INFO: [ app_init ] --START--
INFO: Run Behavior\BuildLiteBehavior [ RunTime:0.000015s ]
INFO: [ app_init ] --END-- [ RunTime:0.000420s ]
ERR: 模板不存在:./Application/Home/View/Index/db.html

[ 2020-08-23T13:08:52+08:00 ] 127.0.0.1 /chapter-8/home/index/db
INFO: [ app_init ] --START--
INFO: Run Behavior\BuildLiteBehavior [ RunTime:0.000009s ]
INFO: [ app_init ] --END-- [ RunTime:0.000289s ]
ERR: 模板不存在:./Application/Home/View/Index/db.html

[ 2020-08-23T13:08:53+08:00 ] 127.0.0.1 /chapter-8/home/index/db
INFO: [ app_init ] --START--
INFO: Run Behavior\BuildLiteBehavior [ RunTime:0.000012s ]
INFO: [ app_init ] --END-- [ RunTime:0.000364s ]
ERR: 模板不存在:./Application/Home/View/Index/db.html

[ 2020-08-23T13:08:53+08:00 ] 127.0.0.1 /chapter-8/home/index/db
INFO: [ app_init ] --START--
INFO: Run Behavior\BuildLiteBehavior [ RunTime:0.000007s ]
INFO: [ app_init ] --END-- [ RunTime:0.000207s ]
ERR: 模板不存在:./Application/Home/View/Index/db.html

[ 2020-08-23T13:10:57+08:00 ] 127.0.0.1 /chapter-8/home/index/db
INFO: [ app_init ] --START--
INFO: Run Behavior\BuildLiteBehavior [ RunTime:0.000007s ]
INFO: [ app_init ] --END-- [ RunTime:0.000211s ]

[ 2020-08-23T13:10:58+08:00 ] 127.0.0.1 /chapter-8/home/index/db
INFO: [ app_init ] --START--
INFO: Run Behavior\BuildLiteBehavior [ RunTime:0.000008s ]
INFO: [ app_init ] --END-- [ RunTime:0.000184s ]

[ 2020-08-23T13:11:26+08:00 ] 127.0.0.1 /chapter-8/home/index/db
INFO: [ app_init ] --START--
INFO: Run Behavior\BuildLiteBehavior [ RunTime:0.000017s ]
INFO: [ app_init ] --END-- [ RunTime:0.000264s ]

[ 2020-08-23T13:11:27+08:00 ] 127.0.0.1 /chapter-8/home/index/db
INFO: [ app_init ] --START--
INFO: Run Behavior\BuildLiteBehavior [ RunTime:0.000011s ]
INFO: [ app_init ] --END-- [ RunTime:0.000318s ]

[ 2020-08-23T13:13:56+08:00 ] 127.0.0.1 /chapter-8/home/index/db
INFO: [ app_init ] --START--
INFO: Run Behavior\BuildLiteBehavior [ RunTime:0.000013s ]
INFO: [ app_init ] --END-- [ RunTime:0.000251s ]

[ 2020-08-23T13:13:57+08:00 ] 127.0.0.1 /chapter-8/home/index/db
INFO: [ app_init ] --START--
INFO: Run Behavior\BuildLiteBehavior [ RunTime:0.000007s ]
INFO: [ app_init ] --END-- [ RunTime:0.000188s ]

[ 2020-08-23T13:13:57+08:00 ] 127.0.0.1 /chapter-8/home/index/db
INFO: [ app_init ] --START--
INFO: Run Behavior\BuildLiteBehavior [ RunTime:0.000006s ]
INFO: [ app_init ] --END-- [ RunTime:0.000184s ]

[ 2020-08-23T13:14:19+08:00 ] 127.0.0.1 /chapter-8/home/index/db
INFO: [ app_init ] --START--
INFO: Run Behavior\BuildLiteBehavior [ RunTime:0.000009s ]
INFO: [ app_init ] --END-- [ RunTime:0.000315s ]

[ 2020-08-23T13:14:20+08:00 ] 127.0.0.1 /chapter-8/home/index/db
INFO: [ app_init ] --START--
INFO: Run Behavior\BuildLiteBehavior [ RunTime:0.000011s ]
INFO: [ app_init ] --END-- [ RunTime:0.000315s ]

[ 2020-08-23T13:14:20+08:00 ] 127.0.0.1 /chapter-8/home/index/db
INFO: [ app_init ] --START--
INFO: Run Behavior\BuildLiteBehavior [ RunTime:0.000015s ]
INFO: [ app_init ] --END-- [ RunTime:0.000406s ]

[ 2020-08-23T13:14:21+08:00 ] 127.0.0.1 /chapter-8/home/index/db
INFO: [ app_init ] --START--
INFO: Run Behavior\BuildLiteBehavior [ RunTime:0.000012s ]
INFO: [ app_init ] --END-- [ RunTime:0.000366s ]

[ 2020-08-23T13:14:21+08:00 ] 127.0.0.1 /chapter-8/home/index/db
INFO: [ app_init ] --START--
INFO: Run Behavior\BuildLiteBehavior [ RunTime:0.000008s ]
INFO: [ app_init ] --END-- [ RunTime:0.000230s ]

[ 2020-08-23T13:14:28+08:00 ] 127.0.0.1 /chapter-8/home/index/db
INFO: [ app_init ] --START--
INFO: Run Behavior\BuildLiteBehavior [ RunTime:0.000010s ]
INFO: [ app_init ] --END-- [ RunTime:0.000268s ]

[ 2020-08-23T13:14:28+08:00 ] 127.0.0.1 /chapter-8/home/index/db
INFO: [ app_init ] --START--
INFO: Run Behavior\BuildLiteBehavior [ RunTime:0.000010s ]
INFO: [ app_init ] --END-- [ RunTime:0.000277s ]

[ 2020-08-23T13:14:28+08:00 ] 127.0.0.1 /chapter-8/home/index/db
INFO: [ app_init ] --START--
INFO: Run Behavior\BuildLiteBehavior [ RunTime:0.000012s ]
INFO: [ app_init ] --END-- [ RunTime:0.000356s ]

[ 2020-08-23T13:15:01+08:00 ] 127.0.0.1 /chapter-8/home/index/db
INFO: [ app_init ] --START--
INFO: Run Behavior\BuildLiteBehavior [ RunTime:0.000010s ]
INFO: [ app_init ] --END-- [ RunTime:0.000296s ]

[ 2020-08-23T13:15:01+08:00 ] 127.0.0.1 /chapter-8/home/index/db
INFO: [ app_init ] --START--
INFO: Run Behavior\BuildLiteBehavior [ RunTime:0.000010s ]
INFO: [ app_init ] --END-- [ RunTime:0.000311s ]

[ 2020-08-23T13:15:02+08:00 ] 127.0.0.1 /chapter-8/home/index/db
INFO: [ app_init ] --START--
INFO: Run Behavior\BuildLiteBehavior [ RunTime:0.000007s ]
INFO: [ app_init ] --END-- [ RunTime:0.000208s ]

[ 2020-08-23T13:15:02+08:00 ] 127.0.0.1 /chapter-8/index.php/Home/Index/db/p/2.html
INFO: [ app_init ] --START--
INFO: Run Behavior\BuildLiteBehavior [ RunTime:0.000008s ]
INFO: [ app_init ] --END-- [ RunTime:0.000212s ]

[ 2020-08-23T13:15:03+08:00 ] 127.0.0.1 /chapter-8/index.php/Home/Index/db/p/1.html
INFO: [ app_init ] --START--
INFO: Run Behavior\BuildLiteBehavior [ RunTime:0.000008s ]
INFO: [ app_init ] --END-- [ RunTime:0.000209s ]

[ 2020-08-23T13:15:04+08:00 ] 127.0.0.1 /chapter-8/index.php/Home/Index/db/p/2.html
INFO: [ app_init ] --START--
INFO: Run Behavior\BuildLiteBehavior [ RunTime:0.000011s ]
INFO: [ app_init ] --END-- [ RunTime:0.000309s ]

[ 2020-08-23T13:15:05+08:00 ] 127.0.0.1 /chapter-8/index.php/Home/Index/db/p/1.html
INFO: [ app_init ] --START--
INFO: Run Behavior\BuildLiteBehavior [ RunTime:0.000012s ]
INFO: [ app_init ] --END-- [ RunTime:0.000308s ]

[ 2020-08-23T13:15:05+08:00 ] 127.0.0.1 /chapter-8/index.php/Home/Index/db/p/2.html
INFO: [ app_init ] --START--
INFO: Run Behavior\BuildLiteBehavior [ RunTime:0.000007s ]
INFO: [ app_init ] --END-- [ RunTime:0.000211s ]

[ 2020-08-23T13:15:05+08:00 ] 127.0.0.1 /chapter-8/index.php/Home/Index/db/p/1.html
INFO: [ app_init ] --START--
INFO: Run Behavior\BuildLiteBehavior [ RunTime:0.000007s ]
INFO: [ app_init ] --END-- [ RunTime:0.000206s ]

[ 2020-08-23T13:15:06+08:00 ] 127.0.0.1 /chapter-8/index.php/Home/Index/db/p/2.html
INFO: [ app_init ] --START--
INFO: Run Behavior\BuildLiteBehavior [ RunTime:0.000011s ]
INFO: [ app_init ] --END-- [ RunTime:0.000308s ]

[ 2020-08-23T13:15:06+08:00 ] 127.0.0.1 /chapter-8/index.php/Home/Index/db/p/1.html
INFO: [ app_init ] --START--
INFO: Run Behavior\BuildLiteBehavior [ RunTime:0.000009s ]
INFO: [ app_init ] --END-- [ RunTime:0.000293s ]

[ 2020-08-23T13:15:07+08:00 ] 127.0.0.1 /chapter-8/index.php/Home/Index/db/p/2.html
INFO: [ app_init ] --START--
INFO: Run Behavior\BuildLiteBehavior [ RunTime:0.000010s ]
INFO: [ app_init ] --END-- [ RunTime:0.000314s ]

[ 2020-08-23T13:15:08+08:00 ] 127.0.0.1 /chapter-8/index.php/Home/Index/db/p/1.html
INFO: [ app_init ] --START--
INFO: Run Behavior\BuildLiteBehavior [ RunTime:0.000007s ]
INFO: [ app_init ] --END-- [ RunTime:0.000213s ]

[ 2020-08-23T13:15:10+08:00 ] 127.0.0.1 /chapter-8/index.php/Home/Index/db/p/2.html
INFO: [ app_init ] --START--
INFO: Run Behavior\BuildLiteBehavior [ RunTime:0.000012s ]
INFO: [ app_init ] --END-- [ RunTime:0.000363s ]

[ 2020-08-23T13:15:12+08:00 ] 127.0.0.1 /chapter-8/index.php/Home/Index/db/p/1.html
INFO: [ app_init ] --START--
INFO: Run Behavior\BuildLiteBehavior [ RunTime:0.000007s ]
INFO: [ app_init ] --END-- [ RunTime:0.000206s ]

[ 2020-08-23T13:15:12+08:00 ] 127.0.0.1 /chapter-8/index.php/Home/Index/db/p/2.html
INFO: [ app_init ] --START--
INFO: Run Behavior\BuildLiteBehavior [ RunTime:0.000007s ]
INFO: [ app_init ] --END-- [ RunTime:0.000206s ]

[ 2020-08-23T13:15:13+08:00 ] 127.0.0.1 /chapter-8/index.php/Home/Index/db/p/1.html
INFO: [ app_init ] --START--
INFO: Run Behavior\BuildLiteBehavior [ RunTime:0.000008s ]
INFO: [ app_init ] --END-- [ RunTime:0.000214s ]

[ 2020-08-23T13:15:14+08:00 ] 127.0.0.1 /chapter-8/index.php/Home/Index/db/p/2.html
INFO: [ app_init ] --START--
INFO: Run Behavior\BuildLiteBehavior [ RunTime:0.000009s ]
INFO: [ app_init ] --END-- [ RunTime:0.000271s ]

[ 2020-08-23T13:15:15+08:00 ] 127.0.0.1 /chapter-8/index.php/Home/Index/db/p/1.html
INFO: [ app_init ] --START--
INFO: Run Behavior\BuildLiteBehavior [ RunTime:0.000010s ]
INFO: [ app_init ] --END-- [ RunTime:0.000234s ]

[ 2020-08-23T13:15:16+08:00 ] 127.0.0.1 /chapter-8/index.php/Home/Index/db/p/2.html
INFO: [ app_init ] --START--
INFO: Run Behavior\BuildLiteBehavior [ RunTime:0.000010s ]
INFO: [ app_init ] --END-- [ RunTime:0.000268s ]

[ 2020-08-23T13:15:17+08:00 ] 127.0.0.1 /chapter-8/index.php/Home/Index/db/p/1.html
INFO: [ app_init ] --START--
INFO: Run Behavior\BuildLiteBehavior [ RunTime:0.000010s ]
INFO: [ app_init ] --END-- [ RunTime:0.000304s ]

[ 2020-08-23T13:15:18+08:00 ] 127.0.0.1 /chapter-8/index.php/Home/Index/db/p/2.html
INFO: [ app_init ] --START--
INFO: Run Behavior\BuildLiteBehavior [ RunTime:0.000007s ]
INFO: [ app_init ] --END-- [ RunTime:0.000210s ]

[ 2020-08-23T13:15:22+08:00 ] 127.0.0.1 /chapter-8/index.php/Home/Index/db/p/1.html
INFO: [ app_init ] --START--
INFO: Run Behavior\BuildLiteBehavior [ RunTime:0.000010s ]
INFO: [ app_init ] --END-- [ RunTime:0.000281s ]

[ 2020-08-23T13:15:24+08:00 ] 127.0.0.1 /chapter-8/index.php/Home/Index/db/p/2.html
INFO: [ app_init ] --START--
INFO: Run Behavior\BuildLiteBehavior [ RunTime:0.000007s ]
INFO: [ app_init ] --END-- [ RunTime:0.000210s ]

[ 2020-08-23T13:16:42+08:00 ] 127.0.0.1 /chapter-8/index.php/Home/Index/db/p/2.html
INFO: [ app_init ] --START--
INFO: Run Behavior\BuildLiteBehavior [ RunTime:0.000007s ]
INFO: [ app_init ] --END-- [ RunTime:0.000210s ]

[ 2020-08-23T13:16:43+08:00 ] 127.0.0.1 /chapter-8/index.php/Home/Index/db/p/6.html
INFO: [ app_init ] --START--
INFO: Run Behavior\BuildLiteBehavior [ RunTime:0.000012s ]
INFO: [ app_init ] --END-- [ RunTime:0.000321s ]

[ 2020-08-23T13:16:44+08:00 ] 127.0.0.1 /chapter-8/index.php/Home/Index/db/p/8.html
INFO: [ app_init ] --START--
INFO: Run Behavior\BuildLiteBehavior [ RunTime:0.000019s ]
INFO: [ app_init ] --END-- [ RunTime:0.000330s ]

[ 2020-08-23T13:16:44+08:00 ] 127.0.0.1 /chapter-8/index.php/Home/Index/db/p/10.html
INFO: [ app_init ] --START--
INFO: Run Behavior\BuildLiteBehavior [ RunTime:0.000008s ]
INFO: [ app_init ] --END-- [ RunTime:0.000190s ]

[ 2020-08-23T13:16:44+08:00 ] 127.0.0.1 /chapter-8/index.php/Home/Index/db/p/11.html
INFO: [ app_init ] --START--
INFO: Run Behavior\BuildLiteBehavior [ RunTime:0.000007s ]
INFO: [ app_init ] --END-- [ RunTime:0.000184s ]

[ 2020-08-23T13:16:45+08:00 ] 127.0.0.1 /chapter-8/index.php/Home/Index/db/p/8.html
INFO: [ app_init ] --START--
INFO: Run Behavior\BuildLiteBehavior [ RunTime:0.000009s ]
INFO: [ app_init ] --END-- [ RunTime:0.000204s ]

[ 2020-08-23T13:16:47+08:00 ] 127.0.0.1 /chapter-8/index.php/Home/Index/db/p/10.html
INFO: [ app_init ] --START--
INFO: Run Behavior\BuildLiteBehavior [ RunTime:0.000010s ]
INFO: [ app_init ] --END-- [ RunTime:0.000251s ]

[ 2020-08-23T13:16:47+08:00 ] 127.0.0.1 /chapter-8/index.php/Home/Index/db/p/11.html
INFO: [ app_init ] --START--
INFO: Run Behavior\BuildLiteBehavior [ RunTime:0.000007s ]
INFO: [ app_init ] --END-- [ RunTime:0.000183s ]

[ 2020-08-23T13:16:48+08:00 ] 127.0.0.1 /chapter-8/index.php/Home/Index/db/p/8.html
INFO: [ app_init ] --START--
INFO: Run Behavior\BuildLiteBehavior [ RunTime:0.000014s ]
INFO: [ app_init ] --END-- [ RunTime:0.000226s ]

[ 2020-08-23T13:16:48+08:00 ] 127.0.0.1 /chapter-8/index.php/Home/Index/db/p/9.html
INFO: [ app_init ] --START--
INFO: Run Behavior\BuildLiteBehavior [ RunTime:0.000010s ]
INFO: [ app_init ] --END-- [ RunTime:0.000277s ]

[ 2020-08-23T13:16:50+08:00 ] 127.0.0.1 /chapter-8/index.php/Home/Index/db/p/5.html
INFO: [ app_init ] --START--
INFO: Run Behavior\BuildLiteBehavior [ RunTime:0.000010s ]
INFO: [ app_init ] --END-- [ RunTime:0.000208s ]

[ 2020-08-23T13:16:50+08:00 ] 127.0.0.1 /chapter-8/index.php/Home/Index/db/p/4.html
INFO: [ app_init ] --START--
INFO: Run Behavior\BuildLiteBehavior [ RunTime:0.000008s ]
INFO: [ app_init ] --END-- [ RunTime:0.000215s ]

[ 2020-08-23T13:16:51+08:00 ] 127.0.0.1 /chapter-8/index.php/Home/Index/db/p/2.html
INFO: [ app_init ] --START--
INFO: Run Behavior\BuildLiteBehavior [ RunTime:0.000007s ]
INFO: [ app_init ] --END-- [ RunTime:0.000183s ]

[ 2020-08-23T13:16:52+08:00 ] 127.0.0.1 /chapter-8/index.php/Home/Index/db/p/6.html
INFO: [ app_init ] --START--
INFO: Run Behavior\BuildLiteBehavior [ RunTime:0.000008s ]
INFO: [ app_init ] --END-- [ RunTime:0.000199s ]

[ 2020-08-23T13:16:52+08:00 ] 127.0.0.1 /chapter-8/index.php/Home/Index/db/p/9.html
INFO: [ app_init ] --START--
INFO: Run Behavior\BuildLiteBehavior [ RunTime:0.000006s ]
INFO: [ app_init ] --END-- [ RunTime:0.000179s ]

[ 2020-08-23T13:24:42+08:00 ] 127.0.0.1 /chapter-8/index.php/Home/Index/upload
INFO: [ app_init ] --START--
INFO: Run Behavior\BuildLiteBehavior [ RunTime:0.000007s ]
INFO: [ app_init ] --END-- [ RunTime:0.000213s ]

[ 2020-08-23T13:26:24+08:00 ] 127.0.0.1 /chapter-8/index.php/Home/Index/upload
INFO: [ app_init ] --START--
INFO: Run Behavior\BuildLiteBehavior [ RunTime:0.000009s ]
INFO: [ app_init ] --END-- [ RunTime:0.000290s ]

[ 2020-08-23T13:27:07+08:00 ] 127.0.0.1 /chapter-8/index.php/Home/Index/upload
INFO: [ app_init ] --START--
INFO: Run Behavior\BuildLiteBehavior [ RunTime:0.000008s ]
INFO: [ app_init ] --END-- [ RunTime:0.000238s ]

[ 2020-08-23T13:29:12+08:00 ] 127.0.0.1 /chapter-8/index.php/Home/Index/upload
INFO: [ app_init ] --START--
INFO: Run Behavior\BuildLiteBehavior [ RunTime:0.000011s ]
INFO: [ app_init ] --END-- [ RunTime:0.000309s ]

[ 2020-08-23T13:30:05+08:00 ] 127.0.0.1 /chapter-8/index.php/Home/Index/upload
INFO: [ app_init ] --START--
INFO: Run Behavior\BuildLiteBehavior [ RunTime:0.000009s ]
INFO: [ app_init ] --END-- [ RunTime:0.000270s ]

[ 2020-08-23T13:30:08+08:00 ] 127.0.0.1 /chapter-8/index.php/Home/Index/upload_do
INFO: [ app_init ] --START--
INFO: Run Behavior\BuildLiteBehavior [ RunTime:0.000007s ]
INFO: [ app_init ] --END-- [ RunTime:0.000208s ]

